Starting...	
Scheduling: tests//how/how_spec.lua

========================================	
Testing: 	/Users/home/Documents/Code/how/tests/how/how_spec.lua	
Error detected while processing command line:
E5108: Error executing lua /tmp/plenary.nvim/lua/plenary/busted.lua:268: ./lua/how.lua:2: module 'lsqlite3complete' not found:
	no field package.preload['lsqlite3complete']
	no file './lsqlite3complete.lua'
	no file '/Users/home/Documents/Code/neovim/.deps/usr/share/luajit-2.1/lsqlite3complete.lua'
	no file '/usr/local/share/lua/5.1/lsqlite3complete.lua'
	no file '/usr/local/share/lua/5.1/lsqlite3complete/init.lua'
	no file '/Users/home/Documents/Code/neovim/.deps/usr/share/lua/5.1/lsqlite3complete.lua'
	no file '/Users/home/Documents/Code/neovim/.deps/usr/share/lua/5.1/lsqlite3complete/init.lua'
	no file './lsqlite3complete.so'
	no file '/usr/local/lib/lua/5.1/lsqlite3complete.so'
	no file '/Users/home/Documents/Code/neovim/.deps/usr/lib/lua/5.1/lsqlite3complete.so'
	no file '/usr/local/lib/lua/5.1/loadall.so'
stack traceback:
	[builtin#36]: at 0x0100c4fcb0
	/tmp/plenary.nvim/lua/plenary/busted.lua:268: in function 'run'
